1662926551.561527 client started (86712): version 3.2a, socket /tmp/tmux-1000/default, protocol 8
1662926551.561545 on Linux 5.15.0-47-generic #51-Ubuntu SMP Thu Aug 11 07:51:15 UTC 2022
1662926551.561548 using libevent 2.1.12-stable (poll); ncurses 6.3
1662926551.561554 flags are 0x18010000
1662926551.561556 socket is /tmp/tmux-1000/default
1662926551.561564 trying connect
1662926551.561656 add peer 0x560da6f9b200: 6 ((nil))
1662926551.561786 sending message 100 to peer 0x560da6f9b200 (4 bytes)
1662926551.561789 sending message 111 to peer 0x560da6f9b200 (8 bytes)
1662926551.561791 sending message 101 to peer 0x560da6f9b200 (15 bytes)
1662926551.561793 sending message 109 to peer 0x560da6f9b200 (4 bytes)
1662926551.561795 sending message 102 to peer 0x560da6f9b200 (11 bytes)
1662926551.561796 sending message 108 to peer 0x560da6f9b200 (43 bytes)
1662926551.561798 sending message 112 to peer 0x560da6f9b200 (58 bytes)
1662926551.561800 sending message 112 to peer 0x560da6f9b200 (5 bytes)
1662926551.561802 sending message 112 to peer 0x560da6f9b200 (5 bytes)
1662926551.561803 sending message 112 to peer 0x560da6f9b200 (6 bytes)
1662926551.561805 sending message 112 to peer 0x560da6f9b200 (6 bytes)
1662926551.561807 sending message 112 to peer 0x560da6f9b200 (11 bytes)
1662926551.561809 sending message 112 to peer 0x560da6f9b200 (10 bytes)
1662926551.561810 sending message 112 to peer 0x560da6f9b200 (13 bytes)
1662926551.561812 sending message 112 to peer 0x560da6f9b200 (14 bytes)
1662926551.561814 sending message 112 to peer 0x560da6f9b200 (19 bytes)
1662926551.561815 sending message 112 to peer 0x560da6f9b200 (11 bytes)
1662926551.561817 sending message 112 to peer 0x560da6f9b200 (10 bytes)
1662926551.561819 sending message 112 to peer 0x560da6f9b200 (15 bytes)
1662926551.561820 sending message 112 to peer 0x560da6f9b200 (21 bytes)
1662926551.561822 sending message 112 to peer 0x560da6f9b200 (13 bytes)
1662926551.561824 sending message 112 to peer 0x560da6f9b200 (7 bytes)
1662926551.561826 sending message 112 to peer 0x560da6f9b200 (13 bytes)
1662926551.561827 sending message 112 to peer 0x560da6f9b200 (7 bytes)
1662926551.561829 sending message 112 to peer 0x560da6f9b200 (13 bytes)
1662926551.561831 sending message 112 to peer 0x560da6f9b200 (9 bytes)
1662926551.561833 sending message 112 to peer 0x560da6f9b200 (21 bytes)
1662926551.561834 sending message 112 to peer 0x560da6f9b200 (13 bytes)
1662926551.561836 sending message 112 to peer 0x560da6f9b200 (9 bytes)
1662926551.561838 sending message 112 to peer 0x560da6f9b200 (16 bytes)
1662926551.561840 sending message 112 to peer 0x560da6f9b200 (13 bytes)
1662926551.561841 sending message 112 to peer 0x560da6f9b200 (9 bytes)
1662926551.561843 sending message 112 to peer 0x560da6f9b200 (9 bytes)
1662926551.561845 sending message 112 to peer 0x560da6f9b200 (12 bytes)
1662926551.561846 sending message 112 to peer 0x560da6f9b200 (8 bytes)
1662926551.561848 sending message 112 to peer 0x560da6f9b200 (8 bytes)
1662926551.561850 sending message 112 to peer 0x560da6f9b200 (13 bytes)
1662926551.561851 sending message 112 to peer 0x560da6f9b200 (7 bytes)
1662926551.561853 sending message 112 to peer 0x560da6f9b200 (7 bytes)
1662926551.561855 sending message 112 to peer 0x560da6f9b200 (9 bytes)
1662926551.561857 sending message 112 to peer 0x560da6f9b200 (9 bytes)
1662926551.561858 sending message 112 to peer 0x560da6f9b200 (15 bytes)
1662926551.561860 sending message 112 to peer 0x560da6f9b200 (13 bytes)
1662926551.561862 sending message 112 to peer 0x560da6f9b200 (12 bytes)
1662926551.561863 sending message 112 to peer 0x560da6f9b200 (8 bytes)
1662926551.561865 sending message 112 to peer 0x560da6f9b200 (14 bytes)
1662926551.561867 sending message 112 to peer 0x560da6f9b200 (11 bytes)
1662926551.561868 sending message 112 to peer 0x560da6f9b200 (9 bytes)
1662926551.561870 sending message 112 to peer 0x560da6f9b200 (10 bytes)
1662926551.561872 sending message 112 to peer 0x560da6f9b200 (10 bytes)
1662926551.561874 sending message 112 to peer 0x560da6f9b200 (10 bytes)
1662926551.561875 sending message 112 to peer 0x560da6f9b200 (10 bytes)
1662926551.561880 sending message 112 to peer 0x560da6f9b200 (11 bytes)
1662926551.561882 sending message 112 to peer 0x560da6f9b200 (12 bytes)
1662926551.561884 sending message 112 to peer 0x560da6f9b200 (12 bytes)
1662926551.561885 sending message 112 to peer 0x560da6f9b200 (12 bytes)
1662926551.561887 sending message 112 to peer 0x560da6f9b200 (12 bytes)
1662926551.561889 sending message 112 to peer 0x560da6f9b200 (12 bytes)
1662926551.561891 sending message 112 to peer 0x560da6f9b200 (11 bytes)
1662926551.561892 sending message 112 to peer 0x560da6f9b200 (11 bytes)
1662926551.561894 sending message 112 to peer 0x560da6f9b200 (12 bytes)
1662926551.561896 sending message 112 to peer 0x560da6f9b200 (12 bytes)
1662926551.561897 sending message 112 to peer 0x560da6f9b200 (12 bytes)
1662926551.561899 sending message 112 to peer 0x560da6f9b200 (12 bytes)
1662926551.561901 sending message 112 to peer 0x560da6f9b200 (12 bytes)
1662926551.561902 sending message 112 to peer 0x560da6f9b200 (9 bytes)
1662926551.561904 sending message 112 to peer 0x560da6f9b200 (12 bytes)
1662926551.561906 sending message 112 to peer 0x560da6f9b200 (13 bytes)
1662926551.561907 sending message 112 to peer 0x560da6f9b200 (13 bytes)
1662926551.561909 sending message 112 to peer 0x560da6f9b200 (13 bytes)
1662926551.561911 sending message 112 to peer 0x560da6f9b200 (13 bytes)
1662926551.561913 sending message 112 to peer 0x560da6f9b200 (13 bytes)
1662926551.561914 sending message 112 to peer 0x560da6f9b200 (8 bytes)
1662926551.561916 sending message 112 to peer 0x560da6f9b200 (11 bytes)
1662926551.561918 sending message 112 to peer 0x560da6f9b200 (11 bytes)
1662926551.561919 sending message 112 to peer 0x560da6f9b200 (11 bytes)
1662926551.561921 sending message 112 to peer 0x560da6f9b200 (12 bytes)
1662926551.561923 sending message 112 to peer 0x560da6f9b200 (12 bytes)
1662926551.561925 sending message 112 to peer 0x560da6f9b200 (12 bytes)
1662926551.561926 sending message 112 to peer 0x560da6f9b200 (12 bytes)
1662926551.561928 sending message 112 to peer 0x560da6f9b200 (13 bytes)
1662926551.561930 sending message 112 to peer 0x560da6f9b200 (13 bytes)
1662926551.561931 sending message 112 to peer 0x560da6f9b200 (13 bytes)
1662926551.561933 sending message 112 to peer 0x560da6f9b200 (8 bytes)
1662926551.561935 sending message 112 to peer 0x560da6f9b200 (13 bytes)
1662926551.561937 sending message 112 to peer 0x560da6f9b200 (13 bytes)
1662926551.561938 sending message 112 to peer 0x560da6f9b200 (13 bytes)
1662926551.561940 sending message 112 to peer 0x560da6f9b200 (13 bytes)
1662926551.561942 sending message 112 to peer 0x560da6f9b200 (13 bytes)
1662926551.561943 sending message 112 to peer 0x560da6f9b200 (12 bytes)
1662926551.561945 sending message 112 to peer 0x560da6f9b200 (12 bytes)
1662926551.561947 sending message 112 to peer 0x560da6f9b200 (12 bytes)
1662926551.561949 sending message 112 to peer 0x560da6f9b200 (12 bytes)
1662926551.561950 sending message 112 to peer 0x560da6f9b200 (13 bytes)
1662926551.561952 sending message 112 to peer 0x560da6f9b200 (8 bytes)
1662926551.561954 sending message 112 to peer 0x560da6f9b200 (13 bytes)
1662926551.561955 sending message 112 to peer 0x560da6f9b200 (13 bytes)
1662926551.561957 sending message 112 to peer 0x560da6f9b200 (13 bytes)
1662926551.561959 sending message 112 to peer 0x560da6f9b200 (13 bytes)
1662926551.561960 sending message 112 to peer 0x560da6f9b200 (13 bytes)
1662926551.561962 sending message 112 to peer 0x560da6f9b200 (13 bytes)
1662926551.561964 sending message 112 to peer 0x560da6f9b200 (13 bytes)
1662926551.561965 sending message 112 to peer 0x560da6f9b200 (12 bytes)
1662926551.561967 sending message 112 to peer 0x560da6f9b200 (12 bytes)
1662926551.561969 sending message 112 to peer 0x560da6f9b200 (12 bytes)
1662926551.561971 sending message 112 to peer 0x560da6f9b200 (8 bytes)
1662926551.561972 sending message 112 to peer 0x560da6f9b200 (12 bytes)
1662926551.561974 sending message 112 to peer 0x560da6f9b200 (13 bytes)
1662926551.561976 sending message 112 to peer 0x560da6f9b200 (13 bytes)
1662926551.561979 sending message 112 to peer 0x560da6f9b200 (13 bytes)
1662926551.561981 sending message 112 to peer 0x560da6f9b200 (13 bytes)
1662926551.561982 sending message 112 to peer 0x560da6f9b200 (13 bytes)
1662926551.561984 sending message 112 to peer 0x560da6f9b200 (13 bytes)
1662926551.561986 sending message 112 to peer 0x560da6f9b200 (13 bytes)
1662926551.561987 sending message 112 to peer 0x560da6f9b200 (13 bytes)
1662926551.561989 sending message 112 to peer 0x560da6f9b200 (12 bytes)
1662926551.561991 sending message 112 to peer 0x560da6f9b200 (10 bytes)
1662926551.561993 sending message 112 to peer 0x560da6f9b200 (12 bytes)
1662926551.561994 sending message 112 to peer 0x560da6f9b200 (12 bytes)
1662926551.561996 sending message 112 to peer 0x560da6f9b200 (12 bytes)
1662926551.561998 sending message 112 to peer 0x560da6f9b200 (13 bytes)
1662926551.561999 sending message 112 to peer 0x560da6f9b200 (13 bytes)
1662926551.562001 sending message 112 to peer 0x560da6f9b200 (13 bytes)
1662926551.562003 sending message 112 to peer 0x560da6f9b200 (13 bytes)
1662926551.562005 sending message 112 to peer 0x560da6f9b200 (13 bytes)
1662926551.562006 sending message 112 to peer 0x560da6f9b200 (13 bytes)
1662926551.562008 sending message 112 to peer 0x560da6f9b200 (13 bytes)
1662926551.562010 sending message 112 to peer 0x560da6f9b200 (10 bytes)
1662926551.562011 sending message 112 to peer 0x560da6f9b200 (13 bytes)
1662926551.562013 sending message 112 to peer 0x560da6f9b200 (12 bytes)
1662926551.562015 sending message 112 to peer 0x560da6f9b200 (12 bytes)
1662926551.562016 sending message 112 to peer 0x560da6f9b200 (12 bytes)
1662926551.562018 sending message 112 to peer 0x560da6f9b200 (10 bytes)
1662926551.562020 sending message 112 to peer 0x560da6f9b200 (10 bytes)
1662926551.562021 sending message 112 to peer 0x560da6f9b200 (10 bytes)
1662926551.562023 sending message 112 to peer 0x560da6f9b200 (12 bytes)
1662926551.562025 sending message 112 to peer 0x560da6f9b200 (13 bytes)
1662926551.562027 sending message 112 to peer 0x560da6f9b200 (13 bytes)
1662926551.562028 sending message 112 to peer 0x560da6f9b200 (13 bytes)
1662926551.562030 sending message 112 to peer 0x560da6f9b200 (13 bytes)
1662926551.562032 sending message 112 to peer 0x560da6f9b200 (13 bytes)
1662926551.562033 sending message 112 to peer 0x560da6f9b200 (10 bytes)
1662926551.562035 sending message 112 to peer 0x560da6f9b200 (11 bytes)
1662926551.562037 sending message 112 to peer 0x560da6f9b200 (12 bytes)
1662926551.562038 sending message 112 to peer 0x560da6f9b200 (12 bytes)
1662926551.562040 sending message 112 to peer 0x560da6f9b200 (12 bytes)
1662926551.562042 sending message 112 to peer 0x560da6f9b200 (12 bytes)
1662926551.562043 sending message 112 to peer 0x560da6f9b200 (12 bytes)
1662926551.562045 sending message 112 to peer 0x560da6f9b200 (11 bytes)
1662926551.562047 sending message 112 to peer 0x560da6f9b200 (12 bytes)
1662926551.562048 sending message 112 to peer 0x560da6f9b200 (12 bytes)
1662926551.562050 sending message 112 to peer 0x560da6f9b200 (13 bytes)
1662926551.562052 sending message 112 to peer 0x560da6f9b200 (13 bytes)
1662926551.562053 sending message 112 to peer 0x560da6f9b200 (13 bytes)
1662926551.562055 sending message 112 to peer 0x560da6f9b200 (13 bytes)
1662926551.562057 sending message 112 to peer 0x560da6f9b200 (13 bytes)
1662926551.562058 sending message 112 to peer 0x560da6f9b200 (10 bytes)
1662926551.562060 sending message 112 to peer 0x560da6f9b200 (9 bytes)
1662926551.562062 sending message 112 to peer 0x560da6f9b200 (12 bytes)
1662926551.562064 sending message 112 to peer 0x560da6f9b200 (13 bytes)
1662926551.562065 sending message 112 to peer 0x560da6f9b200 (13 bytes)
1662926551.562067 sending message 112 to peer 0x560da6f9b200 (13 bytes)
1662926551.562069 sending message 112 to peer 0x560da6f9b200 (13 bytes)
1662926551.562070 sending message 112 to peer 0x560da6f9b200 (13 bytes)
1662926551.562072 sending message 112 to peer 0x560da6f9b200 (9 bytes)
1662926551.562074 sending message 112 to peer 0x560da6f9b200 (12 bytes)
1662926551.562077 sending message 112 to peer 0x560da6f9b200 (13 bytes)
1662926551.562079 sending message 112 to peer 0x560da6f9b200 (13 bytes)
1662926551.562081 sending message 112 to peer 0x560da6f9b200 (13 bytes)
1662926551.562083 sending message 112 to peer 0x560da6f9b200 (13 bytes)
1662926551.562084 sending message 112 to peer 0x560da6f9b200 (13 bytes)
1662926551.562086 sending message 112 to peer 0x560da6f9b200 (11 bytes)
1662926551.562088 sending message 112 to peer 0x560da6f9b200 (12 bytes)
1662926551.562089 sending message 112 to peer 0x560da6f9b200 (13 bytes)
1662926551.562091 sending message 112 to peer 0x560da6f9b200 (13 bytes)
1662926551.562093 sending message 112 to peer 0x560da6f9b200 (13 bytes)
1662926551.562094 sending message 112 to peer 0x560da6f9b200 (13 bytes)
1662926551.562096 sending message 112 to peer 0x560da6f9b200 (13 bytes)
1662926551.562098 sending message 112 to peer 0x560da6f9b200 (11 bytes)
1662926551.562099 sending message 112 to peer 0x560da6f9b200 (12 bytes)
1662926551.562101 sending message 112 to peer 0x560da6f9b200 (12 bytes)
1662926551.562103 sending message 112 to peer 0x560da6f9b200 (12 bytes)
1662926551.562104 sending message 112 to peer 0x560da6f9b200 (12 bytes)
1662926551.562106 sending message 112 to peer 0x560da6f9b200 (12 bytes)
1662926551.562108 sending message 112 to peer 0x560da6f9b200 (21 bytes)
1662926551.562110 sending message 112 to peer 0x560da6f9b200 (12 bytes)
1662926551.562112 sending message 112 to peer 0x560da6f9b200 (9 bytes)
1662926551.562113 sending message 112 to peer 0x560da6f9b200 (6 bytes)
1662926551.562115 sending message 112 to peer 0x560da6f9b200 (13 bytes)
1662926551.562117 sending message 112 to peer 0x560da6f9b200 (10 bytes)
1662926551.562118 sending message 112 to peer 0x560da6f9b200 (24 bytes)
1662926551.562120 sending message 112 to peer 0x560da6f9b200 (13 bytes)
1662926551.562121 sending message 112 to peer 0x560da6f9b200 (9 bytes)
1662926551.562123 sending message 112 to peer 0x560da6f9b200 (70 bytes)
1662926551.562125 sending message 112 to peer 0x560da6f9b200 (69 bytes)
1662926551.562126 sending message 112 to peer 0x560da6f9b200 (12 bytes)
1662926551.562128 sending message 112 to peer 0x560da6f9b200 (10 bytes)
1662926551.562130 sending message 112 to peer 0x560da6f9b200 (10 bytes)
1662926551.562131 sending message 112 to peer 0x560da6f9b200 (24 bytes)
1662926551.562133 sending message 112 to peer 0x560da6f9b200 (13 bytes)
1662926551.562135 sending message 112 to peer 0x560da6f9b200 (10 bytes)
1662926551.562137 sending message 112 to peer 0x560da6f9b200 (10 bytes)
1662926551.562139 sending message 112 to peer 0x560da6f9b200 (10 bytes)
1662926551.562140 sending message 112 to peer 0x560da6f9b200 (13 bytes)
1662926551.562142 sending message 112 to peer 0x560da6f9b200 (15 bytes)
1662926551.562143 sending message 112 to peer 0x560da6f9b200 (5 bytes)
1662926551.562145 sending message 104 to peer 0x560da6f9b200 (0 bytes)
1662926551.562147 sending message 110 to peer 0x560da6f9b200 (0 bytes)
1662926551.562149 sending message 107 to peer 0x560da6f9b200 (4 bytes)
1662926551.562151 sending message 105 to peer 0x560da6f9b200 (16 bytes)
1662926551.562152 sending message 105 to peer 0x560da6f9b200 (23 bytes)
1662926551.562154 sending message 105 to peer 0x560da6f9b200 (14 bytes)
1662926551.562156 sending message 105 to peer 0x560da6f9b200 (17 bytes)
1662926551.562157 sending message 105 to peer 0x560da6f9b200 (22 bytes)
1662926551.562159 sending message 105 to peer 0x560da6f9b200 (46 bytes)
1662926551.562161 sending message 105 to peer 0x560da6f9b200 (31 bytes)
1662926551.562163 sending message 105 to peer 0x560da6f9b200 (34 bytes)
1662926551.562165 sending message 105 to peer 0x560da6f9b200 (14 bytes)
1662926551.562166 sending message 105 to peer 0x560da6f9b200 (14 bytes)
1662926551.562168 sending message 105 to peer 0x560da6f9b200 (32 bytes)
1662926551.562170 sending message 105 to peer 0x560da6f9b200 (10 bytes)
1662926551.562171 sending message 105 to peer 0x560da6f9b200 (31 bytes)
1662926551.562173 sending message 105 to peer 0x560da6f9b200 (47 bytes)
1662926551.562177 sending message 105 to peer 0x560da6f9b200 (16 bytes)
1662926551.562178 sending message 105 to peer 0x560da6f9b200 (21 bytes)
1662926551.562180 sending message 105 to peer 0x560da6f9b200 (63 bytes)
1662926551.562182 sending message 105 to peer 0x560da6f9b200 (15 bytes)
1662926551.562183 sending message 105 to peer 0x560da6f9b200 (140 bytes)
1662926551.562185 sending message 105 to peer 0x560da6f9b200 (19 bytes)
1662926551.562187 sending message 105 to peer 0x560da6f9b200 (17 bytes)
1662926551.562189 sending message 105 to peer 0x560da6f9b200 (2284 bytes)
1662926551.562198 sending message 105 to peer 0x560da6f9b200 (28 bytes)
1662926551.562200 sending message 105 to peer 0x560da6f9b200 (47 bytes)
1662926551.562202 sending message 105 to peer 0x560da6f9b200 (62 bytes)
1662926551.562204 sending message 105 to peer 0x560da6f9b200 (28 bytes)
1662926551.562205 sending message 105 to peer 0x560da6f9b200 (51 bytes)
1662926551.562207 sending message 105 to peer 0x560da6f9b200 (18 bytes)
1662926551.562209 sending message 105 to peer 0x560da6f9b200 (34 bytes)
1662926551.562210 sending message 105 to peer 0x560da6f9b200 (59 bytes)
1662926551.562212 sending message 105 to peer 0x560da6f9b200 (23 bytes)
1662926551.562214 sending message 105 to peer 0x560da6f9b200 (61 bytes)
1662926551.562215 sending message 105 to peer 0x560da6f9b200 (20 bytes)
1662926551.562217 sending message 105 to peer 0x560da6f9b200 (22 bytes)
1662926551.562219 sending message 105 to peer 0x560da6f9b200 (17 bytes)
1662926551.562221 sending message 105 to peer 0x560da6f9b200 (22 bytes)
1662926551.562222 sending message 105 to peer 0x560da6f9b200 (32 bytes)
1662926551.562224 sending message 105 to peer 0x560da6f9b200 (13 bytes)
1662926551.562226 sending message 105 to peer 0x560da6f9b200 (16 bytes)
1662926551.562227 sending message 105 to peer 0x560da6f9b200 (17 bytes)
1662926551.562229 sending message 105 to peer 0x560da6f9b200 (10 bytes)
1662926551.562231 sending message 105 to peer 0x560da6f9b200 (15 bytes)
1662926551.562232 sending message 105 to peer 0x560da6f9b200 (17 bytes)
1662926551.562234 sending message 105 to peer 0x560da6f9b200 (8 bytes)
1662926551.562236 sending message 105 to peer 0x560da6f9b200 (50 bytes)
1662926551.562238 sending message 105 to peer 0x560da6f9b200 (21 bytes)
1662926551.562239 sending message 105 to peer 0x560da6f9b200 (34 bytes)
1662926551.562241 sending message 105 to peer 0x560da6f9b200 (30 bytes)
1662926551.562243 sending message 105 to peer 0x560da6f9b200 (45 bytes)
1662926551.562245 sending message 105 to peer 0x560da6f9b200 (19 bytes)
1662926551.562246 sending message 105 to peer 0x560da6f9b200 (26 bytes)
1662926551.562248 sending message 105 to peer 0x560da6f9b200 (36 bytes)
1662926551.562250 sending message 105 to peer 0x560da6f9b200 (31 bytes)
1662926551.562251 sending message 105 to peer 0x560da6f9b200 (14 bytes)
1662926551.562253 sending message 105 to peer 0x560da6f9b200 (34 bytes)
1662926551.562255 sending message 105 to peer 0x560da6f9b200 (26 bytes)
1662926551.562257 sending message 105 to peer 0x560da6f9b200 (13 bytes)
1662926551.562258 sending message 105 to peer 0x560da6f9b200 (65 bytes)
1662926551.562260 sending message 105 to peer 0x560da6f9b200 (180 bytes)
1662926551.562262 sending message 105 to peer 0x560da6f9b200 (19 bytes)
1662926551.562264 sending message 105 to peer 0x560da6f9b200 (102 bytes)
1662926551.562265 sending message 105 to peer 0x560da6f9b200 (30 bytes)
1662926551.562267 sending message 105 to peer 0x560da6f9b200 (36 bytes)
1662926551.562269 sending message 105 to peer 0x560da6f9b200 (14 bytes)
1662926551.562270 sending message 105 to peer 0x560da6f9b200 (54 bytes)
1662926551.562272 sending message 105 to peer 0x560da6f9b200 (26 bytes)
1662926551.562274 sending message 105 to peer 0x560da6f9b200 (19 bytes)
1662926551.562276 sending message 105 to peer 0x560da6f9b200 (34 bytes)
1662926551.562277 sending message 105 to peer 0x560da6f9b200 (28 bytes)
1662926551.562279 sending message 105 to peer 0x560da6f9b200 (52 bytes)
1662926551.562282 sending message 105 to peer 0x560da6f9b200 (37 bytes)
1662926551.562284 sending message 105 to peer 0x560da6f9b200 (537 bytes)
1662926551.562286 sending message 105 to peer 0x560da6f9b200 (286 bytes)
1662926551.562288 sending message 105 to peer 0x560da6f9b200 (75 bytes)
1662926551.562290 sending message 105 to peer 0x560da6f9b200 (67 bytes)
1662926551.562291 sending message 105 to peer 0x560da6f9b200 (488 bytes)
1662926551.562293 sending message 105 to peer 0x560da6f9b200 (16 bytes)
1662926551.562295 sending message 105 to peer 0x560da6f9b200 (46 bytes)
1662926551.562297 sending message 106 to peer 0x560da6f9b200 (0 bytes)
1662926551.562300 sending message 200 to peer 0x560da6f9b200 (4 bytes)
1662926551.562302 client loop enter
1662926551.564158 peer 0x560da6f9b200 message 207
1662926551.564178 sending message 208 to peer 0x560da6f9b200 (0 bytes)
1662926675.050094 peer 0x560da6f9b200 message 203
1662926675.050118 sending message 205 to peer 0x560da6f9b200 (0 bytes)
1662926675.051213 peer 0x560da6f9b200 message 204
1662926675.051238 client loop exit
